<?xml version="1.0" encoding="UTF-8"?>
<!-- Generated by org.testng.reporters.JUnitXMLReporter -->
<testsuite ignored="0" hostname="HR-47" failures="1" tests="2" name="Chrome_Test" time="17.946" errors="0" timestamp="2023-09-07T20:13:23 IST">
  <testcase classname="Day11.ParamTest" name="testHomePageTitle" time="0.018"/>
  <testcase classname="Day11.ParamTest" name="testLogo" time="0.937">
    <failure type="java.lang.AssertionError" message="expected [true] but found [false]">
      <![CDATA[java.lang.AssertionError: expected [true] but found [false]
at Day11.ParamTest.testLogo(ParamTest.java:47)
at java.base/java.util.ArrayList.forEach(ArrayList.java:1511)
... Removed 33 stack frames]]>
    </failure>
  </testcase> <!-- testLogo -->
</testsuite> <!-- Chrome_Test -->
