<?xml version="1.0" encoding="UTF-8"?>
<!-- Generated by org.testng.reporters.JUnitXMLReporter -->
<testsuite ignored="0" hostname="HR-47" failures="1" tests="3" name="Test" time="13.648" errors="0" timestamp="2023-09-13T13:29:46 IST">
  <testcase classname="Day11.mercurylogin" name="Capture_home_page" time="0.017">
    <failure type="java.lang.AssertionError" message="expected [Login: Mercury Tours] but found []">
      <![CDATA[java.lang.AssertionError: expected [Login: Mercury Tours] but found []
at Day11.mercurylogin.Capture_home_page(mercurylogin.java:43)
at java.base/java.util.ArrayList.forEach(ArrayList.java:1511)
... Removed 33 stack frames]]>
    </failure>
  </testcase> <!-- Capture_home_page -->
  <testcase classname="Day11.mercurylogin" name="Open_URL" time="5.336"/>
  <testcase classname="Day11.mercurylogin" name="enter_Data" time="4.714"/>
</testsuite> <!-- Test -->
